# Logfile created on 2010-05-23 22:32:10 +0200 by logger.rb/20321
I, [2010-05-24T12:30:37.158515 #34148]  INFO -- : EXPERIMENTAL
I, [2010-05-24T12:31:50.792762 #34519]  INFO -- : EXPERIMENTAL
I, [2010-05-24T12:32:56.049691 #34831]  INFO -- : PATH: /Users/tarsolya/Sites/pepszi/images/experimental/coctail
I, [2010-05-24T12:32:56.050321 #34831]  INFO -- : EXPERIMENTAL
I, [2010-05-24T12:34:20.048069 #35178]  INFO -- : PATH: /Users/tarsolya/Sites/pepszi/public//images/experimental/coctail
I, [2010-05-24T12:34:46.164156 #35326]  INFO -- : PATH: /Users/tarsolya/Sites/pepszi/public/images/experimental/coctail
I, [2010-05-24T12:35:57.353181 #35655]  INFO -- : ENTRIES: ( [#<Pathname:.>, #<Pathname:..>, #<Pathname:design_001.jpg>, #<Pathname:design_002.jpg>, #<Pathname:design_003.jpg>, #<Pathname:design_004.jpg>, #<Pathname:design_005.jpg>, #<Pathname:design_006.jpg>, #<Pathname:design_007.jpg>, #<Pathname:design_008.jpg>, #<Pathname:design_009.jpg>, #<Pathname:design_010.jpg>, #<Pathname:design_011.jpg>] )
I, [2010-05-24T12:37:07.077639 #35939]  INFO -- : ENTRY: .
I, [2010-05-24T12:37:07.077790 #35939]  INFO -- : ENTRY: ..
I, [2010-05-24T12:37:07.077838 #35939]  INFO -- : ENTRY: design_001.jpg
I, [2010-05-24T12:37:07.077882 #35939]  INFO -- : ENTRY: design_002.jpg
I, [2010-05-24T12:37:07.077924 #35939]  INFO -- : ENTRY: design_003.jpg
I, [2010-05-24T12:37:07.077968 #35939]  INFO -- : ENTRY: design_004.jpg
I, [2010-05-24T12:37:07.078010 #35939]  INFO -- : ENTRY: design_005.jpg
I, [2010-05-24T12:37:07.078053 #35939]  INFO -- : ENTRY: design_006.jpg
I, [2010-05-24T12:37:07.078096 #35939]  INFO -- : ENTRY: design_007.jpg
I, [2010-05-24T12:37:07.078139 #35939]  INFO -- : ENTRY: design_008.jpg
I, [2010-05-24T12:37:07.078181 #35939]  INFO -- : ENTRY: design_009.jpg
I, [2010-05-24T12:37:07.078224 #35939]  INFO -- : ENTRY: design_010.jpg
I, [2010-05-24T12:37:07.078275 #35939]  INFO -- : ENTRY: design_011.jpg
I, [2010-05-24T12:39:59.291127 #36776]  INFO -- : ENTRY: /Users/tarsolya/Sites/pepszi/public/images/experimental/coctail.
I, [2010-05-24T12:39:59.291283 #36776]  INFO -- : ENTRY: /Users/tarsolya/Sites/pepszi/public/images/experimental/coctail..
I, [2010-05-24T12:39:59.291366 #36776]  INFO -- : ENTRY: /Users/tarsolya/Sites/pepszi/public/images/experimental/coctaildesign_001.jpg
I, [2010-05-24T12:39:59.291712 #36776]  INFO -- : ENTRY: /Users/tarsolya/Sites/pepszi/public/images/experimental/coctaildesign_002.jpg
I, [2010-05-24T12:39:59.291776 #36776]  INFO -- : ENTRY: /Users/tarsolya/Sites/pepszi/public/images/experimental/coctaildesign_003.jpg
I, [2010-05-24T12:39:59.291823 #36776]  INFO -- : ENTRY: /Users/tarsolya/Sites/pepszi/public/images/experimental/coctaildesign_004.jpg
I, [2010-05-24T12:39:59.291867 #36776]  INFO -- : ENTRY: /Users/tarsolya/Sites/pepszi/public/images/experimental/coctaildesign_005.jpg
I, [2010-05-24T12:39:59.291910 #36776]  INFO -- : ENTRY: /Users/tarsolya/Sites/pepszi/public/images/experimental/coctaildesign_006.jpg
I, [2010-05-24T12:39:59.291952 #36776]  INFO -- : ENTRY: /Users/tarsolya/Sites/pepszi/public/images/experimental/coctaildesign_007.jpg
I, [2010-05-24T12:39:59.292151 #36776]  INFO -- : ENTRY: /Users/tarsolya/Sites/pepszi/public/images/experimental/coctaildesign_008.jpg
I, [2010-05-24T12:39:59.292330 #36776]  INFO -- : ENTRY: /Users/tarsolya/Sites/pepszi/public/images/experimental/coctaildesign_009.jpg
I, [2010-05-24T12:39:59.293801 #36776]  INFO -- : ENTRY: /Users/tarsolya/Sites/pepszi/public/images/experimental/coctaildesign_010.jpg
I, [2010-05-24T12:39:59.293958 #36776]  INFO -- : ENTRY: /Users/tarsolya/Sites/pepszi/public/images/experimental/coctaildesign_011.jpg
I, [2010-05-24T12:40:32.594346 #36943]  INFO -- : ENTRY: /images/experimental/coctail.
I, [2010-05-24T12:40:32.594486 #36943]  INFO -- : ENTRY: /images/experimental/coctail..
I, [2010-05-24T12:40:32.594539 #36943]  INFO -- : ENTRY: /images/experimental/coctaildesign_001.jpg
I, [2010-05-24T12:40:32.594583 #36943]  INFO -- : ENTRY: /images/experimental/coctaildesign_002.jpg
I, [2010-05-24T12:40:32.594628 #36943]  INFO -- : ENTRY: /images/experimental/coctaildesign_003.jpg
I, [2010-05-24T12:40:32.594814 #36943]  INFO -- : ENTRY: /images/experimental/coctaildesign_004.jpg
I, [2010-05-24T12:40:32.594888 #36943]  INFO -- : ENTRY: /images/experimental/coctaildesign_005.jpg
I, [2010-05-24T12:40:32.595101 #36943]  INFO -- : ENTRY: /images/experimental/coctaildesign_006.jpg
I, [2010-05-24T12:40:32.595231 #36943]  INFO -- : ENTRY: /images/experimental/coctaildesign_007.jpg
I, [2010-05-24T12:40:32.595295 #36943]  INFO -- : ENTRY: /images/experimental/coctaildesign_008.jpg
I, [2010-05-24T12:40:32.595364 #36943]  INFO -- : ENTRY: /images/experimental/coctaildesign_009.jpg
I, [2010-05-24T12:40:32.595600 #36943]  INFO -- : ENTRY: /images/experimental/coctaildesign_010.jpg
I, [2010-05-24T12:40:32.595647 #36943]  INFO -- : ENTRY: /images/experimental/coctaildesign_011.jpg
I, [2010-05-24T12:40:38.513741 #36943]  INFO -- : ENTRY: /images/experimental/coctail.
I, [2010-05-24T12:40:38.514092 #36943]  INFO -- : ENTRY: /images/experimental/coctail..
I, [2010-05-24T12:40:38.514141 #36943]  INFO -- : ENTRY: /images/experimental/coctaildesign_001.jpg
I, [2010-05-24T12:40:38.514184 #36943]  INFO -- : ENTRY: /images/experimental/coctaildesign_002.jpg
I, [2010-05-24T12:40:38.514226 #36943]  INFO -- : ENTRY: /images/experimental/coctaildesign_003.jpg
I, [2010-05-24T12:40:38.514267 #36943]  INFO -- : ENTRY: /images/experimental/coctaildesign_004.jpg
I, [2010-05-24T12:40:38.514308 #36943]  INFO -- : ENTRY: /images/experimental/coctaildesign_005.jpg
I, [2010-05-24T12:40:38.514349 #36943]  INFO -- : ENTRY: /images/experimental/coctaildesign_006.jpg
I, [2010-05-24T12:40:38.514390 #36943]  INFO -- : ENTRY: /images/experimental/coctaildesign_007.jpg
I, [2010-05-24T12:40:38.514431 #36943]  INFO -- : ENTRY: /images/experimental/coctaildesign_008.jpg
I, [2010-05-24T12:40:38.514473 #36943]  INFO -- : ENTRY: /images/experimental/coctaildesign_009.jpg
I, [2010-05-24T12:40:38.514513 #36943]  INFO -- : ENTRY: /images/experimental/coctaildesign_010.jpg
I, [2010-05-24T12:40:38.514554 #36943]  INFO -- : ENTRY: /images/experimental/coctaildesign_011.jpg
I, [2010-05-24T12:41:07.084676 #37089]  INFO -- : ENTRY: /images/experimental/coctail/.
I, [2010-05-24T12:41:07.084820 #37089]  INFO -- : ENTRY: /images/experimental/coctail/..
I, [2010-05-24T12:41:07.084865 #37089]  INFO -- : ENTRY: /images/experimental/coctail/design_001.jpg
I, [2010-05-24T12:41:07.084906 #37089]  INFO -- : ENTRY: /images/experimental/coctail/design_002.jpg
I, [2010-05-24T12:41:07.084947 #37089]  INFO -- : ENTRY: /images/experimental/coctail/design_003.jpg
I, [2010-05-24T12:41:07.084987 #37089]  INFO -- : ENTRY: /images/experimental/coctail/design_004.jpg
I, [2010-05-24T12:41:07.085027 #37089]  INFO -- : ENTRY: /images/experimental/coctail/design_005.jpg
I, [2010-05-24T12:41:07.085067 #37089]  INFO -- : ENTRY: /images/experimental/coctail/design_006.jpg
I, [2010-05-24T12:41:07.085115 #37089]  INFO -- : ENTRY: /images/experimental/coctail/design_007.jpg
I, [2010-05-24T12:41:07.085156 #37089]  INFO -- : ENTRY: /images/experimental/coctail/design_008.jpg
I, [2010-05-24T12:41:07.085197 #37089]  INFO -- : ENTRY: /images/experimental/coctail/design_009.jpg
I, [2010-05-24T12:41:07.085238 #37089]  INFO -- : ENTRY: /images/experimental/coctail/design_010.jpg
I, [2010-05-24T12:41:07.085278 #37089]  INFO -- : ENTRY: /images/experimental/coctail/design_011.jpg
I, [2010-05-24T12:41:19.794629 #37089]  INFO -- : ENTRY: /images/experimental/coctail/.
I, [2010-05-24T12:41:19.794766 #37089]  INFO -- : ENTRY: /images/experimental/coctail/..
I, [2010-05-24T12:41:19.794813 #37089]  INFO -- : ENTRY: /images/experimental/coctail/design_001.jpg
I, [2010-05-24T12:41:19.794855 #37089]  INFO -- : ENTRY: /images/experimental/coctail/design_002.jpg
I, [2010-05-24T12:41:19.794896 #37089]  INFO -- : ENTRY: /images/experimental/coctail/design_003.jpg
I, [2010-05-24T12:41:19.795054 #37089]  INFO -- : ENTRY: /images/experimental/coctail/design_004.jpg
I, [2010-05-24T12:41:19.795117 #37089]  INFO -- : ENTRY: /images/experimental/coctail/design_005.jpg
I, [2010-05-24T12:41:19.795394 #37089]  INFO -- : ENTRY: /images/experimental/coctail/design_006.jpg
I, [2010-05-24T12:41:19.796023 #37089]  INFO -- : ENTRY: /images/experimental/coctail/design_007.jpg
I, [2010-05-24T12:41:19.796072 #37089]  INFO -- : ENTRY: /images/experimental/coctail/design_008.jpg
I, [2010-05-24T12:41:19.796114 #37089]  INFO -- : ENTRY: /images/experimental/coctail/design_009.jpg
I, [2010-05-24T12:41:19.796202 #37089]  INFO -- : ENTRY: /images/experimental/coctail/design_010.jpg
I, [2010-05-24T12:41:19.796296 #37089]  INFO -- : ENTRY: /images/experimental/coctail/design_011.jpg
I, [2010-05-24T12:41:58.016648 #37346]  INFO -- : ENTRY: /images/experimental/coctail/design_001.jpg
I, [2010-05-24T12:41:58.016775 #37346]  INFO -- : ENTRY: /images/experimental/coctail/design_002.jpg
I, [2010-05-24T12:41:58.016824 #37346]  INFO -- : ENTRY: /images/experimental/coctail/design_003.jpg
I, [2010-05-24T12:41:58.016866 #37346]  INFO -- : ENTRY: /images/experimental/coctail/design_004.jpg
I, [2010-05-24T12:41:58.016908 #37346]  INFO -- : ENTRY: /images/experimental/coctail/design_005.jpg
I, [2010-05-24T12:41:58.016956 #37346]  INFO -- : ENTRY: /images/experimental/coctail/design_006.jpg
I, [2010-05-24T12:41:58.017113 #37346]  INFO -- : ENTRY: /images/experimental/coctail/design_007.jpg
I, [2010-05-24T12:41:58.017286 #37346]  INFO -- : ENTRY: /images/experimental/coctail/design_008.jpg
I, [2010-05-24T12:41:58.017339 #37346]  INFO -- : ENTRY: /images/experimental/coctail/design_009.jpg
I, [2010-05-24T12:41:58.017417 #37346]  INFO -- : ENTRY: /images/experimental/coctail/design_010.jpg
I, [2010-05-24T12:41:58.017596 #37346]  INFO -- : ENTRY: /images/experimental/coctail/design_011.jpg
I, [2010-05-24T12:44:40.635552 #37346]  INFO -- : ENTRY: /images/experimental/coctail/design_001.jpg
I, [2010-05-24T12:44:40.635707 #37346]  INFO -- : ENTRY: /images/experimental/coctail/design_002.jpg
I, [2010-05-24T12:44:40.635756 #37346]  INFO -- : ENTRY: /images/experimental/coctail/design_003.jpg
I, [2010-05-24T12:44:40.635800 #37346]  INFO -- : ENTRY: /images/experimental/coctail/design_004.jpg
I, [2010-05-24T12:44:40.635842 #37346]  INFO -- : ENTRY: /images/experimental/coctail/design_005.jpg
I, [2010-05-24T12:44:40.635884 #37346]  INFO -- : ENTRY: /images/experimental/coctail/design_006.jpg
I, [2010-05-24T12:44:40.635926 #37346]  INFO -- : ENTRY: /images/experimental/coctail/design_007.jpg
I, [2010-05-24T12:44:40.635969 #37346]  INFO -- : ENTRY: /images/experimental/coctail/design_008.jpg
I, [2010-05-24T12:44:40.636010 #37346]  INFO -- : ENTRY: /images/experimental/coctail/design_009.jpg
I, [2010-05-24T12:44:40.636054 #37346]  INFO -- : ENTRY: /images/experimental/coctail/design_010.jpg
I, [2010-05-24T12:44:40.636097 #37346]  INFO -- : ENTRY: /images/experimental/coctail/design_011.jpg
I, [2010-05-24T13:12:46.823443 #37346]  INFO -- : ENTRY: /images/experimental/coctail/design_001.jpg
I, [2010-05-24T13:12:46.830446 #37346]  INFO -- : ENTRY: /images/experimental/coctail/design_002.jpg
I, [2010-05-24T13:12:46.830563 #37346]  INFO -- : ENTRY: /images/experimental/coctail/design_003.jpg
I, [2010-05-24T13:12:46.830606 #37346]  INFO -- : ENTRY: /images/experimental/coctail/design_004.jpg
I, [2010-05-24T13:12:46.831229 #37346]  INFO -- : ENTRY: /images/experimental/coctail/design_005.jpg
I, [2010-05-24T13:12:46.831280 #37346]  INFO -- : ENTRY: /images/experimental/coctail/design_006.jpg
I, [2010-05-24T13:12:46.831323 #37346]  INFO -- : ENTRY: /images/experimental/coctail/design_007.jpg
I, [2010-05-24T13:12:46.831364 #37346]  INFO -- : ENTRY: /images/experimental/coctail/design_008.jpg
I, [2010-05-24T13:12:46.831405 #37346]  INFO -- : ENTRY: /images/experimental/coctail/design_009.jpg
I, [2010-05-24T13:12:46.831446 #37346]  INFO -- : ENTRY: /images/experimental/coctail/design_010.jpg
I, [2010-05-24T13:12:46.831492 #37346]  INFO -- : ENTRY: /images/experimental/coctail/design_011.jpg
I, [2010-05-24T13:12:53.434094 #37346]  INFO -- : ENTRY: /images/experimental/coctail/design_001.jpg
I, [2010-05-24T13:12:53.434237 #37346]  INFO -- : ENTRY: /images/experimental/coctail/design_002.jpg
I, [2010-05-24T13:12:53.453488 #37346]  INFO -- : ENTRY: /images/experimental/coctail/design_003.jpg
I, [2010-05-24T13:12:53.453611 #37346]  INFO -- : ENTRY: /images/experimental/coctail/design_004.jpg
I, [2010-05-24T13:12:53.453657 #37346]  INFO -- : ENTRY: /images/experimental/coctail/design_005.jpg
I, [2010-05-24T13:12:53.453702 #37346]  INFO -- : ENTRY: /images/experimental/coctail/design_006.jpg
I, [2010-05-24T13:12:53.453745 #37346]  INFO -- : ENTRY: /images/experimental/coctail/design_007.jpg
I, [2010-05-24T13:12:53.453933 #37346]  INFO -- : ENTRY: /images/experimental/coctail/design_008.jpg
I, [2010-05-24T13:12:53.454053 #37346]  INFO -- : ENTRY: /images/experimental/coctail/design_009.jpg
I, [2010-05-24T13:12:53.454276 #37346]  INFO -- : ENTRY: /images/experimental/coctail/design_010.jpg
I, [2010-05-24T13:12:53.454340 #37346]  INFO -- : ENTRY: /images/experimental/coctail/design_011.jpg
I, [2010-05-24T13:13:09.857738 #37346]  INFO -- : ENTRY: /images/experimental/coctail/design_001.jpg
I, [2010-05-24T13:13:09.857870 #37346]  INFO -- : ENTRY: /images/experimental/coctail/design_002.jpg
I, [2010-05-24T13:13:09.857916 #37346]  INFO -- : ENTRY: /images/experimental/coctail/design_003.jpg
I, [2010-05-24T13:13:09.857958 #37346]  INFO -- : ENTRY: /images/experimental/coctail/design_004.jpg
I, [2010-05-24T13:13:09.857999 #37346]  INFO -- : ENTRY: /images/experimental/coctail/design_005.jpg
I, [2010-05-24T13:13:09.858040 #37346]  INFO -- : ENTRY: /images/experimental/coctail/design_006.jpg
I, [2010-05-24T13:13:09.858081 #37346]  INFO -- : ENTRY: /images/experimental/coctail/design_007.jpg
I, [2010-05-24T13:13:09.858122 #37346]  INFO -- : ENTRY: /images/experimental/coctail/design_008.jpg
I, [2010-05-24T13:13:09.858163 #37346]  INFO -- : ENTRY: /images/experimental/coctail/design_009.jpg
I, [2010-05-24T13:13:09.858203 #37346]  INFO -- : ENTRY: /images/experimental/coctail/design_010.jpg
I, [2010-05-24T13:13:09.858243 #37346]  INFO -- : ENTRY: /images/experimental/coctail/design_011.jpg
I, [2010-05-24T13:17:40.851725 #37346]  INFO -- : ENTRY: /images/experimental/coctail/design_001.jpg
I, [2010-05-24T13:17:40.851879 #37346]  INFO -- : ENTRY: /images/experimental/coctail/design_002.jpg
I, [2010-05-24T13:17:40.851925 #37346]  INFO -- : ENTRY: /images/experimental/coctail/design_003.jpg
I, [2010-05-24T13:17:40.851966 #37346]  INFO -- : ENTRY: /images/experimental/coctail/design_004.jpg
I, [2010-05-24T13:17:40.852010 #37346]  INFO -- : ENTRY: /images/experimental/coctail/design_005.jpg
I, [2010-05-24T13:17:40.852059 #37346]  INFO -- : ENTRY: /images/experimental/coctail/design_006.jpg
I, [2010-05-24T13:17:40.852102 #37346]  INFO -- : ENTRY: /images/experimental/coctail/design_007.jpg
I, [2010-05-24T13:17:40.852143 #37346]  INFO -- : ENTRY: /images/experimental/coctail/design_008.jpg
I, [2010-05-24T13:17:40.852185 #37346]  INFO -- : ENTRY: /images/experimental/coctail/design_009.jpg
I, [2010-05-24T13:17:40.852226 #37346]  INFO -- : ENTRY: /images/experimental/coctail/design_010.jpg
I, [2010-05-24T13:17:40.852266 #37346]  INFO -- : ENTRY: /images/experimental/coctail/design_011.jpg
I, [2010-05-24T13:18:06.299463 #37346]  INFO -- : ENTRY: /images/experimental/coctail/design_001.jpg
I, [2010-05-24T13:18:06.299623 #37346]  INFO -- : ENTRY: /images/experimental/coctail/design_002.jpg
I, [2010-05-24T13:18:06.299673 #37346]  INFO -- : ENTRY: /images/experimental/coctail/design_003.jpg
I, [2010-05-24T13:18:06.299846 #37346]  INFO -- : ENTRY: /images/experimental/coctail/design_004.jpg
I, [2010-05-24T13:18:06.299891 #37346]  INFO -- : ENTRY: /images/experimental/coctail/design_005.jpg
I, [2010-05-24T13:18:06.299937 #37346]  INFO -- : ENTRY: /images/experimental/coctail/design_006.jpg
I, [2010-05-24T13:18:06.299979 #37346]  INFO -- : ENTRY: /images/experimental/coctail/design_007.jpg
I, [2010-05-24T13:18:06.300065 #37346]  INFO -- : ENTRY: /images/experimental/coctail/design_008.jpg
I, [2010-05-24T13:18:06.300108 #37346]  INFO -- : ENTRY: /images/experimental/coctail/design_009.jpg
I, [2010-05-24T13:18:06.300149 #37346]  INFO -- : ENTRY: /images/experimental/coctail/design_010.jpg
I, [2010-05-24T13:18:06.301597 #37346]  INFO -- : ENTRY: /images/experimental/coctail/design_011.jpg
I, [2010-05-24T13:20:27.606440 #37346]  INFO -- : ENTRY: /images/experimental/coctail/design_001.jpg
I, [2010-05-24T13:20:27.606691 #37346]  INFO -- : ENTRY: /images/experimental/coctail/design_002.jpg
I, [2010-05-24T13:20:27.606739 #37346]  INFO -- : ENTRY: /images/experimental/coctail/design_003.jpg
I, [2010-05-24T13:20:27.606805 #37346]  INFO -- : ENTRY: /images/experimental/coctail/design_004.jpg
I, [2010-05-24T13:20:27.606846 #37346]  INFO -- : ENTRY: /images/experimental/coctail/design_005.jpg
I, [2010-05-24T13:20:27.606887 #37346]  INFO -- : ENTRY: /images/experimental/coctail/design_006.jpg
I, [2010-05-24T13:20:27.606928 #37346]  INFO -- : ENTRY: /images/experimental/coctail/design_007.jpg
I, [2010-05-24T13:20:27.606989 #37346]  INFO -- : ENTRY: /images/experimental/coctail/design_008.jpg
I, [2010-05-24T13:20:27.607030 #37346]  INFO -- : ENTRY: /images/experimental/coctail/design_009.jpg
I, [2010-05-24T13:20:27.607071 #37346]  INFO -- : ENTRY: /images/experimental/coctail/design_010.jpg
I, [2010-05-24T13:20:27.607111 #37346]  INFO -- : ENTRY: /images/experimental/coctail/design_011.jpg
I, [2010-05-24T13:20:40.545928 #37346]  INFO -- : ENTRY: /images/experimental/coctail/design_001.jpg
I, [2010-05-24T13:20:40.546066 #37346]  INFO -- : ENTRY: /images/experimental/coctail/design_002.jpg
I, [2010-05-24T13:20:40.546114 #37346]  INFO -- : ENTRY: /images/experimental/coctail/design_003.jpg
I, [2010-05-24T13:20:40.546174 #37346]  INFO -- : ENTRY: /images/experimental/coctail/design_004.jpg
I, [2010-05-24T13:20:40.546216 #37346]  INFO -- : ENTRY: /images/experimental/coctail/design_005.jpg
I, [2010-05-24T13:20:40.546275 #37346]  INFO -- : ENTRY: /images/experimental/coctail/design_006.jpg
I, [2010-05-24T13:20:40.546317 #37346]  INFO -- : ENTRY: /images/experimental/coctail/design_007.jpg
I, [2010-05-24T13:20:40.546373 #37346]  INFO -- : ENTRY: /images/experimental/coctail/design_008.jpg
I, [2010-05-24T13:20:40.546415 #37346]  INFO -- : ENTRY: /images/experimental/coctail/design_009.jpg
I, [2010-05-24T13:20:40.546472 #37346]  INFO -- : ENTRY: /images/experimental/coctail/design_010.jpg
I, [2010-05-24T13:20:40.546930 #37346]  INFO -- : ENTRY: /images/experimental/coctail/design_011.jpg
I, [2010-05-24T13:21:18.867847 #37346]  INFO -- : ENTRY: /images/experimental/coctail/design_001.jpg
I, [2010-05-24T13:21:18.868222 #37346]  INFO -- : ENTRY: /images/experimental/coctail/design_002.jpg
I, [2010-05-24T13:21:18.868274 #37346]  INFO -- : ENTRY: /images/experimental/coctail/design_003.jpg
I, [2010-05-24T13:21:18.868331 #37346]  INFO -- : ENTRY: /images/experimental/coctail/design_004.jpg
I, [2010-05-24T13:21:18.868374 #37346]  INFO -- : ENTRY: /images/experimental/coctail/design_005.jpg
I, [2010-05-24T13:21:18.868428 #37346]  INFO -- : ENTRY: /images/experimental/coctail/design_006.jpg
I, [2010-05-24T13:21:18.868471 #37346]  INFO -- : ENTRY: /images/experimental/coctail/design_007.jpg
I, [2010-05-24T13:21:18.868512 #37346]  INFO -- : ENTRY: /images/experimental/coctail/design_008.jpg
I, [2010-05-24T13:21:18.868570 #37346]  INFO -- : ENTRY: /images/experimental/coctail/design_009.jpg
I, [2010-05-24T13:21:18.868611 #37346]  INFO -- : ENTRY: /images/experimental/coctail/design_010.jpg
I, [2010-05-24T13:21:18.868668 #37346]  INFO -- : ENTRY: /images/experimental/coctail/design_011.jpg
I, [2010-05-24T13:21:45.317486 #37346]  INFO -- : ENTRY: /images/experimental/coctail/design_001.jpg
I, [2010-05-24T13:21:45.317673 #37346]  INFO -- : ENTRY: /images/experimental/coctail/design_002.jpg
I, [2010-05-24T13:21:45.317748 #37346]  INFO -- : ENTRY: /images/experimental/coctail/design_003.jpg
I, [2010-05-24T13:21:45.317812 #37346]  INFO -- : ENTRY: /images/experimental/coctail/design_004.jpg
I, [2010-05-24T13:21:45.317871 #37346]  INFO -- : ENTRY: /images/experimental/coctail/design_005.jpg
I, [2010-05-24T13:21:45.317913 #37346]  INFO -- : ENTRY: /images/experimental/coctail/design_006.jpg
I, [2010-05-24T13:21:45.318008 #37346]  INFO -- : ENTRY: /images/experimental/coctail/design_007.jpg
I, [2010-05-24T13:21:45.318065 #37346]  INFO -- : ENTRY: /images/experimental/coctail/design_008.jpg
I, [2010-05-24T13:21:45.318107 #37346]  INFO -- : ENTRY: /images/experimental/coctail/design_009.jpg
I, [2010-05-24T13:21:45.318159 #37346]  INFO -- : ENTRY: /images/experimental/coctail/design_010.jpg
I, [2010-05-24T13:21:45.318203 #37346]  INFO -- : ENTRY: /images/experimental/coctail/design_011.jpg
I, [2010-05-24T13:21:53.117050 #37346]  INFO -- : ENTRY: /images/experimental/coctail/design_001.jpg
I, [2010-05-24T13:21:53.117556 #37346]  INFO -- : ENTRY: /images/experimental/coctail/design_002.jpg
I, [2010-05-24T13:21:53.117620 #37346]  INFO -- : ENTRY: /images/experimental/coctail/design_003.jpg
I, [2010-05-24T13:21:53.118542 #37346]  INFO -- : ENTRY: /images/experimental/coctail/design_004.jpg
I, [2010-05-24T13:21:53.118697 #37346]  INFO -- : ENTRY: /images/experimental/coctail/design_005.jpg
I, [2010-05-24T13:21:53.118746 #37346]  INFO -- : ENTRY: /images/experimental/coctail/design_006.jpg
I, [2010-05-24T13:21:53.118789 #37346]  INFO -- : ENTRY: /images/experimental/coctail/design_007.jpg
I, [2010-05-24T13:21:53.118830 #37346]  INFO -- : ENTRY: /images/experimental/coctail/design_008.jpg
I, [2010-05-24T13:21:53.118892 #37346]  INFO -- : ENTRY: /images/experimental/coctail/design_009.jpg
I, [2010-05-24T13:21:53.118965 #37346]  INFO -- : ENTRY: /images/experimental/coctail/design_010.jpg
I, [2010-05-24T13:21:53.119027 #37346]  INFO -- : ENTRY: /images/experimental/coctail/design_011.jpg
I, [2010-05-24T13:25:05.854435 #37346]  INFO -- : ENTRY: /images/experimental/coctail/design_001.jpg
I, [2010-05-24T13:25:05.854555 #37346]  INFO -- : ENTRY: /images/experimental/coctail/design_002.jpg
I, [2010-05-24T13:25:05.854606 #37346]  INFO -- : ENTRY: /images/experimental/coctail/design_003.jpg
I, [2010-05-24T13:25:05.854649 #37346]  INFO -- : ENTRY: /images/experimental/coctail/design_004.jpg
I, [2010-05-24T13:25:05.854690 #37346]  INFO -- : ENTRY: /images/experimental/coctail/design_005.jpg
I, [2010-05-24T13:25:05.854849 #37346]  INFO -- : ENTRY: /images/experimental/coctail/design_006.jpg
I, [2010-05-24T13:25:05.854903 #37346]  INFO -- : ENTRY: /images/experimental/coctail/design_007.jpg
I, [2010-05-24T13:25:05.855069 #37346]  INFO -- : ENTRY: /images/experimental/coctail/design_008.jpg
I, [2010-05-24T13:25:05.855117 #37346]  INFO -- : ENTRY: /images/experimental/coctail/design_009.jpg
I, [2010-05-24T13:25:05.855221 #37346]  INFO -- : ENTRY: /images/experimental/coctail/design_010.jpg
I, [2010-05-24T13:25:05.855287 #37346]  INFO -- : ENTRY: /images/experimental/coctail/design_011.jpg
I, [2010-05-24T13:25:23.472408 #37346]  INFO -- : ENTRY: /images/experimental/coctail/design_001.jpg
I, [2010-05-24T13:25:23.472534 #37346]  INFO -- : ENTRY: /images/experimental/coctail/design_002.jpg
I, [2010-05-24T13:25:23.472580 #37346]  INFO -- : ENTRY: /images/experimental/coctail/design_003.jpg
I, [2010-05-24T13:25:23.472622 #37346]  INFO -- : ENTRY: /images/experimental/coctail/design_004.jpg
I, [2010-05-24T13:25:23.472664 #37346]  INFO -- : ENTRY: /images/experimental/coctail/design_005.jpg
I, [2010-05-24T13:25:23.472705 #37346]  INFO -- : ENTRY: /images/experimental/coctail/design_006.jpg
I, [2010-05-24T13:25:23.472745 #37346]  INFO -- : ENTRY: /images/experimental/coctail/design_007.jpg
I, [2010-05-24T13:25:23.472786 #37346]  INFO -- : ENTRY: /images/experimental/coctail/design_008.jpg
I, [2010-05-24T13:25:23.472826 #37346]  INFO -- : ENTRY: /images/experimental/coctail/design_009.jpg
I, [2010-05-24T13:25:23.472866 #37346]  INFO -- : ENTRY: /images/experimental/coctail/design_010.jpg
I, [2010-05-24T13:25:23.472907 #37346]  INFO -- : ENTRY: /images/experimental/coctail/design_011.jpg
I, [2010-05-24T13:28:06.163388 #37346]  INFO -- : ENTRY: /images/experimental/coctail/design_001.jpg
I, [2010-05-24T13:28:06.163506 #37346]  INFO -- : ENTRY: /images/experimental/coctail/design_002.jpg
I, [2010-05-24T13:28:06.163554 #37346]  INFO -- : ENTRY: /images/experimental/coctail/design_003.jpg
I, [2010-05-24T13:28:06.163629 #37346]  INFO -- : ENTRY: /images/experimental/coctail/design_004.jpg
I, [2010-05-24T13:28:06.163672 #37346]  INFO -- : ENTRY: /images/experimental/coctail/design_005.jpg
I, [2010-05-24T13:28:06.163712 #37346]  INFO -- : ENTRY: /images/experimental/coctail/design_006.jpg
I, [2010-05-24T13:28:06.163753 #37346]  INFO -- : ENTRY: /images/experimental/coctail/design_007.jpg
I, [2010-05-24T13:28:06.163794 #37346]  INFO -- : ENTRY: /images/experimental/coctail/design_008.jpg
I, [2010-05-24T13:28:06.163835 #37346]  INFO -- : ENTRY: /images/experimental/coctail/design_009.jpg
I, [2010-05-24T13:28:06.163876 #37346]  INFO -- : ENTRY: /images/experimental/coctail/design_010.jpg
I, [2010-05-24T13:28:06.163916 #37346]  INFO -- : ENTRY: /images/experimental/coctail/design_011.jpg
I, [2010-05-24T13:28:53.779944 #37346]  INFO -- : ENTRY: /images/experimental/coctail/design_001.jpg
I, [2010-05-24T13:28:53.780073 #37346]  INFO -- : ENTRY: /images/experimental/coctail/design_002.jpg
I, [2010-05-24T13:28:53.780120 #37346]  INFO -- : ENTRY: /images/experimental/coctail/design_003.jpg
I, [2010-05-24T13:28:53.780165 #37346]  INFO -- : ENTRY: /images/experimental/coctail/design_004.jpg
I, [2010-05-24T13:28:53.780209 #37346]  INFO -- : ENTRY: /images/experimental/coctail/design_005.jpg
I, [2010-05-24T13:28:53.780251 #37346]  INFO -- : ENTRY: /images/experimental/coctail/design_006.jpg
I, [2010-05-24T13:28:53.780292 #37346]  INFO -- : ENTRY: /images/experimental/coctail/design_007.jpg
I, [2010-05-24T13:28:53.780332 #37346]  INFO -- : ENTRY: /images/experimental/coctail/design_008.jpg
I, [2010-05-24T13:28:53.780373 #37346]  INFO -- : ENTRY: /images/experimental/coctail/design_009.jpg
I, [2010-05-24T13:28:53.780542 #37346]  INFO -- : ENTRY: /images/experimental/coctail/design_010.jpg
I, [2010-05-24T13:28:53.780587 #37346]  INFO -- : ENTRY: /images/experimental/coctail/design_011.jpg
I, [2010-05-24T13:29:09.303021 #37346]  INFO -- : ENTRY: /images/experimental/coctail/design_001.jpg
I, [2010-05-24T13:29:09.303160 #37346]  INFO -- : ENTRY: /images/experimental/coctail/design_002.jpg
I, [2010-05-24T13:29:09.303221 #37346]  INFO -- : ENTRY: /images/experimental/coctail/design_003.jpg
I, [2010-05-24T13:29:09.303414 #37346]  INFO -- : ENTRY: /images/experimental/coctail/design_004.jpg
I, [2010-05-24T13:29:09.303459 #37346]  INFO -- : ENTRY: /images/experimental/coctail/design_005.jpg
I, [2010-05-24T13:29:09.303732 #37346]  INFO -- : ENTRY: /images/experimental/coctail/design_006.jpg
I, [2010-05-24T13:29:09.304765 #37346]  INFO -- : ENTRY: /images/experimental/coctail/design_007.jpg
I, [2010-05-24T13:29:09.304824 #37346]  INFO -- : ENTRY: /images/experimental/coctail/design_008.jpg
I, [2010-05-24T13:29:09.310843 #37346]  INFO -- : ENTRY: /images/experimental/coctail/design_009.jpg
I, [2010-05-24T13:29:09.310951 #37346]  INFO -- : ENTRY: /images/experimental/coctail/design_010.jpg
I, [2010-05-24T13:29:09.311011 #37346]  INFO -- : ENTRY: /images/experimental/coctail/design_011.jpg
I, [2010-05-24T13:30:31.822257 #37346]  INFO -- : ENTRY: /images/experimental/coctail/design_001.jpg
I, [2010-05-24T13:30:31.822400 #37346]  INFO -- : ENTRY: /images/experimental/coctail/design_002.jpg
I, [2010-05-24T13:30:31.822448 #37346]  INFO -- : ENTRY: /images/experimental/coctail/design_003.jpg
I, [2010-05-24T13:30:31.822490 #37346]  INFO -- : ENTRY: /images/experimental/coctail/design_004.jpg
I, [2010-05-24T13:30:31.822530 #37346]  INFO -- : ENTRY: /images/experimental/coctail/design_005.jpg
I, [2010-05-24T13:30:31.822570 #37346]  INFO -- : ENTRY: /images/experimental/coctail/design_006.jpg
I, [2010-05-24T13:30:31.822610 #37346]  INFO -- : ENTRY: /images/experimental/coctail/design_007.jpg
I, [2010-05-24T13:30:31.822649 #37346]  INFO -- : ENTRY: /images/experimental/coctail/design_008.jpg
I, [2010-05-24T13:30:31.822689 #37346]  INFO -- : ENTRY: /images/experimental/coctail/design_009.jpg
I, [2010-05-24T13:30:31.822729 #37346]  INFO -- : ENTRY: /images/experimental/coctail/design_010.jpg
I, [2010-05-24T13:30:31.823151 #37346]  INFO -- : ENTRY: /images/experimental/coctail/design_011.jpg
I, [2010-05-24T13:30:33.480987 #37346]  INFO -- : ENTRY: /images/experimental/coctail/design_001.jpg
I, [2010-05-24T13:30:33.481146 #37346]  INFO -- : ENTRY: /images/experimental/coctail/design_002.jpg
I, [2010-05-24T13:30:33.481196 #37346]  INFO -- : ENTRY: /images/experimental/coctail/design_003.jpg
I, [2010-05-24T13:30:33.481238 #37346]  INFO -- : ENTRY: /images/experimental/coctail/design_004.jpg
I, [2010-05-24T13:30:33.481279 #37346]  INFO -- : ENTRY: /images/experimental/coctail/design_005.jpg
I, [2010-05-24T13:30:33.481319 #37346]  INFO -- : ENTRY: /images/experimental/coctail/design_006.jpg
I, [2010-05-24T13:30:33.481360 #37346]  INFO -- : ENTRY: /images/experimental/coctail/design_007.jpg
I, [2010-05-24T13:30:33.481400 #37346]  INFO -- : ENTRY: /images/experimental/coctail/design_008.jpg
I, [2010-05-24T13:30:33.481441 #37346]  INFO -- : ENTRY: /images/experimental/coctail/design_009.jpg
I, [2010-05-24T13:30:33.481496 #37346]  INFO -- : ENTRY: /images/experimental/coctail/design_010.jpg
I, [2010-05-24T13:30:33.481596 #37346]  INFO -- : ENTRY: /images/experimental/coctail/design_011.jpg
